2024-12-15 22:24:06,957 - __main__ - INFO - Bot initialization started
2024-12-15 22:24:07,022 - __main__ - INFO - Database initialized successfully
2024-12-15 22:24:07,022 - __main__ - INFO - Bot started
2024-12-15 22:26:10,211 - __main__ - INFO - Updated data for user 1454515378
2024-12-16 00:04:03,701 - __main__ - INFO - Bot initialization started
2024-12-16 00:04:03,701 - __main__ - INFO - Database initialized successfully
2024-12-16 00:04:03,701 - __main__ - INFO - Bot started
2024-12-16 00:17:24,203 - __main__ - INFO - Bot initialization started
2024-12-16 00:17:24,218 - __main__ - INFO - Database initialized successfully
2024-12-16 00:17:24,218 - __main__ - INFO - Bot started
2024-12-16 00:18:58,873 - __main__ - INFO - Updated data for user 7300319137
2024-12-16 00:18:58,890 - __main__ - INFO - Updated data for user 1454515378
2024-12-16 00:18:58,905 - __main__ - INFO - Logged transaction: 1454515378 referral_bonus 20
2024-12-16 00:27:27,267 - __main__ - INFO - Bot initialization started
2024-12-16 00:27:27,267 - __main__ - INFO - Database initialized successfully
2024-12-16 00:27:27,267 - __main__ - INFO - Bot started
2024-12-16 00:35:08,155 - __main__ - INFO - Bot initialization started
2024-12-16 00:35:08,155 - __main__ - INFO - Database initialized successfully
2024-12-16 00:35:08,155 - __main__ - INFO - Bot started
2024-12-16 00:49:20,016 - __main__ - INFO - Bot initialization started
2024-12-16 00:49:20,016 - __main__ - INFO - Database initialized successfully
2024-12-16 00:49:20,016 - __main__ - INFO - Bot started
2024-12-16 01:05:19,730 - __main__ - INFO - Bot initialization started
2024-12-16 01:05:19,770 - __main__ - INFO - Database initialized successfully
2024-12-16 01:05:19,770 - __main__ - INFO - Bot started
2024-12-16 01:28:18,623 - __main__ - INFO - Bot initialization started
2024-12-16 01:28:18,623 - __main__ - INFO - Database initialized successfully
2024-12-16 01:28:18,623 - __main__ - INFO - Bot started
2024-12-16 01:37:05,532 - __main__ - INFO - Bot initialization started
2024-12-16 01:37:05,532 - __main__ - INFO - Database initialized successfully
2024-12-16 01:37:05,532 - __main__ - INFO - Bot started
